

Started GET "/posts" for ::1 at 2016-11-07 12:49:05 -0500

ActiveRecord::PendingMigrationError (

Migrations are pending. To resolve this issue, run:

	bin/rake db:migrate RAILS_ENV=development

):
  activerecord (4.2.5.1) lib/active_record/migration.rb:392:in `check_pending!'
  activerecord (4.2.5.1) lib/active_record/migration.rb:373:in `call'
  actionpack (4.2.5.1) lib/action_dispatch/middleware/callbacks.rb:29:in `block in call'
  activesupport (4.2.5.1) lib/active_support/callbacks.rb:88:in `__run_callbacks__'
  activesupport (4.2.5.1) lib/active_support/callbacks.rb:778:in `_run_call_callbacks'
  activesupport (4.2.5.1) lib/active_support/callbacks.rb:81:in `run_callbacks'
  actionpack (4.2.5.1) lib/action_dispatch/middleware/callbacks.rb:27:in `call'
  actionpack (4.2.5.1) lib/action_dispatch/middleware/reloader.rb:73:in `call'
  actionpack (4.2.5.1) lib/action_dispatch/middleware/remote_ip.rb:78:in `call'
  actionpack (4.2.5.1) lib/action_dispatch/middleware/debug_exceptions.rb:17:in `call'
  web-console (2.3.0) lib/web_console/middleware.rb:28:in `block in call'
  web-console (2.3.0) lib/web_console/middleware.rb:18:in `catch'
  web-console (2.3.0) lib/web_console/middleware.rb:18:in `call'
  actionpack (4.2.5.1) lib/action_dispatch/middleware/show_exceptions.rb:30:in `call'
  railties (4.2.5.1) lib/rails/rack/logger.rb:38:in `call_app'
  railties (4.2.5.1) lib/rails/rack/logger.rb:20:in `block in call'
  activesupport (4.2.5.1) lib/active_support/tagged_logging.rb:68:in `block in tagged'
  activesupport (4.2.5.1) lib/active_support/tagged_logging.rb:26:in `tagged'
  activesupport (4.2.5.1) lib/active_support/tagged_logging.rb:68:in `tagged'
  railties (4.2.5.1) lib/rails/rack/logger.rb:20:in `call'
  actionpack (4.2.5.1) lib/action_dispatch/middleware/request_id.rb:21:in `call'
  rack (1.6.4) lib/rack/methodoverride.rb:22:in `call'
  rack (1.6.4) lib/rack/runtime.rb:18:in `call'
  activesupport (4.2.5.1) lib/active_support/cache/strategy/local_cache_middleware.rb:28:in `call'
  rack (1.6.4) lib/rack/lock.rb:17:in `call'
  actionpack (4.2.5.1) lib/action_dispatch/middleware/static.rb:116:in `call'
  rack (1.6.4) lib/rack/sendfile.rb:113:in `call'
  railties (4.2.5.1) lib/rails/engine.rb:518:in `call'
  railties (4.2.5.1) lib/rails/application.rb:165:in `call'
  rack (1.6.4) lib/rack/lock.rb:17:in `call'
  rack (1.6.4) lib/rack/content_length.rb:15:in `call'
  rack (1.6.4) lib/rack/handler/webrick.rb:88:in `service'
  /Users/kerrydougherty/.rvm/rubies/ruby-2.3.1/lib/ruby/2.3.0/webrick/httpserver.rb:140:in `service'
  /Users/kerrydougherty/.rvm/rubies/ruby-2.3.1/lib/ruby/2.3.0/webrick/httpserver.rb:96:in `run'
  /Users/kerrydougherty/.rvm/rubies/ruby-2.3.1/lib/ruby/2.3.0/webrick/server.rb:296:in `block in start_thread'


  Rendered /Users/kerrydougherty/.rvm/gems/ruby-2.3.1/gems/actionpack-4.2.5.1/lib/action_dispatch/middleware/templates/rescues/_source.erb (3.2ms)
  Rendered /Users/kerrydougherty/.rvm/gems/ruby-2.3.1/gems/actionpack-4.2.5.1/lib/action_dispatch/middleware/templates/rescues/_trace.html.erb (1.9ms)
  Rendered /Users/kerrydougherty/.rvm/gems/ruby-2.3.1/gems/actionpack-4.2.5.1/lib/action_dispatch/middleware/templates/rescues/_request_and_response.html.erb (1.4ms)
  Rendered /Users/kerrydougherty/.rvm/gems/ruby-2.3.1/gems/actionpack-4.2.5.1/lib/action_dispatch/middleware/templates/rescues/diagnostics.html.erb within rescues/layout (73.1ms)
  Rendered /Users/kerrydougherty/.rvm/gems/ruby-2.3.1/gems/web-console-2.3.0/lib/web_console/templates/_markup.html.erb (0.4ms)
  Rendered /Users/kerrydougherty/.rvm/gems/ruby-2.3.1/gems/web-console-2.3.0/lib/web_console/templates/_inner_console_markup.html.erb within layouts/inlined_string (0.4ms)
  Rendered /Users/kerrydougherty/.rvm/gems/ruby-2.3.1/gems/web-console-2.3.0/lib/web_console/templates/_prompt_box_markup.html.erb within layouts/inlined_string (0.3ms)
  Rendered /Users/kerrydougherty/.rvm/gems/ruby-2.3.1/gems/web-console-2.3.0/lib/web_console/templates/style.css.erb within layouts/inlined_string (0.4ms)
  Rendered /Users/kerrydougherty/.rvm/gems/ruby-2.3.1/gems/web-console-2.3.0/lib/web_console/templates/console.js.erb within layouts/javascript (71.9ms)
  Rendered /Users/kerrydougherty/.rvm/gems/ruby-2.3.1/gems/web-console-2.3.0/lib/web_console/templates/main.js.erb within layouts/javascript (0.3ms)
  Rendered /Users/kerrydougherty/.rvm/gems/ruby-2.3.1/gems/web-console-2.3.0/lib/web_console/templates/error_page.js.erb within layouts/javascript (0.6ms)
  Rendered /Users/kerrydougherty/.rvm/gems/ruby-2.3.1/gems/web-console-2.3.0/lib/web_console/templates/index.html.erb (158.4ms)
  [1m[36m (1.3ms)[0m  [1mCREATE TABLE "schema_migrations" ("version" varchar NOT NULL) [0m
  [1m[35m (0.5ms)[0m  select sqlite_version(*)
  [1m[36m (1.0ms)[0m  [1mCREATE UNIQUE INDEX "unique_schema_migrations" ON "schema_migrations" ("version")[0m
  [1m[35mActiveRecord::SchemaMigration Load (0.1ms)[0m  SELECT "schema_migrations".* FROM "schema_migrations"
Migrating to CreatePosts (20160222203640)
  [1m[36m (0.1ms)[0m  [1mbegin transaction[0m
  [1m[35m (0.4ms)[0m  CREATE TABLE "posts" ("id" INTEGER PRIMARY KEY AUTOINCREMENT NOT NULL, "title" varchar, "content" text, "created_at" datetime NOT NULL, "updated_at" datetime NOT NULL) 
  [1m[36mSQL (0.2ms)[0m  [1mINSERT INTO "schema_migrations" ("version") VALUES (?)[0m  [["version", "20160222203640"]]
  [1m[35m (0.9ms)[0m  commit transaction
Migrating to CreateComments (20160222203701)
  [1m[36m (0.1ms)[0m  [1mbegin transaction[0m
  [1m[35m (0.3ms)[0m  CREATE TABLE "comments" ("id" INTEGER PRIMARY KEY AUTOINCREMENT NOT NULL, "content" text, "post_id" integer, "created_at" datetime NOT NULL, "updated_at" datetime NOT NULL) 
  [1m[36mSQL (0.1ms)[0m  [1mINSERT INTO "schema_migrations" ("version") VALUES (?)[0m  [["version", "20160222203701"]]
  [1m[35m (0.9ms)[0m  commit transaction
  [1m[36mActiveRecord::SchemaMigration Load (0.1ms)[0m  [1mSELECT "schema_migrations".* FROM "schema_migrations"[0m


Started GET "/posts" for ::1 at 2016-11-07 12:52:01 -0500
  [1m[36mActiveRecord::SchemaMigration Load (0.1ms)[0m  [1mSELECT "schema_migrations".* FROM "schema_migrations"[0m
Processing by PostsController#index as HTML
  [1m[35mPost Load (0.2ms)[0m  SELECT "posts".* FROM "posts"
  Rendered posts/index.html.erb within layouts/application (3.9ms)
Completed 200 OK in 1066ms (Views: 1046.4ms | ActiveRecord: 0.4ms)


Started GET "/assets/comments.self-e3b0c44298fc1c149afbf4c8996fb92427ae41e4649b934ca495991b7852b855.css?body=1" for ::1 at 2016-11-07 12:52:02 -0500


Started GET "/assets/posts.self-e3b0c44298fc1c149afbf4c8996fb92427ae41e4649b934ca495991b7852b855.css?body=1" for ::1 at 2016-11-07 12:52:02 -0500


Started GET "/assets/scaffolds.self-e30dcdd35c48f920388aed1f2ce54c062d448df958672156867d2cb53f0182b6.css?body=1" for ::1 at 2016-11-07 12:52:02 -0500


Started GET "/assets/application.self-e80e8f2318043e8af94dddc2adad5a4f09739a8ebb323b3ab31cd71d45fd9113.css?body=1" for ::1 at 2016-11-07 12:52:02 -0500


Started GET "/assets/jquery_ujs.self-784a997f6726036b1993eb2217c9cb558e1cbb801c6da88105588c56f13b466a.js?body=1" for ::1 at 2016-11-07 12:52:02 -0500


Started GET "/assets/comments.self-877aef30ae1b040ab8a3aba4e3e309a11d7f2612f44dde450b5c157aa5f95c05.js?body=1" for ::1 at 2016-11-07 12:52:02 -0500


Started GET "/assets/jquery.self-bd7ddd393353a8d2480a622e80342adf488fb6006d667e8b42e4c0073393abee.js?body=1" for ::1 at 2016-11-07 12:52:02 -0500


Started GET "/assets/application.self-377610cd7c1509e934744c810e3b4cf672dfbcacac3274e7d039827e2ae0fcc7.js?body=1" for ::1 at 2016-11-07 12:52:02 -0500


Started GET "/assets/posts.self-0c91927198c49323b3ba727d345e8ff35a115759331db791aa78295dc25e5ef9.js?body=1" for ::1 at 2016-11-07 12:52:02 -0500


Started GET "/posts/new" for ::1 at 2016-11-07 12:52:07 -0500
Processing by PostsController#new as HTML
  Rendered posts/_form.html.erb (29.4ms)
  Rendered posts/new.html.erb within layouts/application (35.8ms)
Completed 200 OK in 59ms (Views: 53.2ms | ActiveRecord: 0.3ms)


Started POST "/posts" for ::1 at 2016-11-07 12:52:15 -0500
Processing by PostsController#create as HTML
  Parameters: {"utf8"=>"✓", "authenticity_token"=>"aitzWJZjRXfygxpQmFXazxaooBBQU+B2WV0+gsyFvlWqTZnsLEuVFKCaGCBHo2C1hU8Ipo78YiSHEGdxIkEdyA==", "post"=>{"title"=>"Post 1", "content"=>"Here's the content"}, "commit"=>"Create Post"}
  [1m[36m (0.1ms)[0m  [1mbegin transaction[0m
  [1m[35mSQL (0.9ms)[0m  INSERT INTO "posts" ("title", "content", "created_at", "updated_at") VALUES (?, ?, ?, ?)  [["title", "Post 1"], ["content", "Here's the content"], ["created_at", "2016-11-07 17:52:15.634415"], ["updated_at", "2016-11-07 17:52:15.634415"]]
  [1m[36m (0.9ms)[0m  [1mcommit transaction[0m
Redirected to http://localhost:3000/posts/1
Completed 302 Found in 10ms (ActiveRecord: 1.9ms)


Started GET "/posts/1" for ::1 at 2016-11-07 12:52:15 -0500
Processing by PostsController#show as HTML
  Parameters: {"id"=>"1"}
  [1m[35mPost Load (0.2ms)[0m  SELECT  "posts".* FROM "posts" WHERE "posts"."id" = ? LIMIT 1  [["id", 1]]
  Rendered posts/show.html.erb within layouts/application (1.1ms)
Completed 200 OK in 33ms (Views: 23.3ms | ActiveRecord: 0.2ms)


Started GET "/posts/1/comments" for ::1 at 2016-11-07 12:52:18 -0500
Processing by CommentsController#index as HTML
  Parameters: {"post_id"=>"1"}
  [1m[36mPost Load (0.1ms)[0m  [1mSELECT  "posts".* FROM "posts" WHERE "posts"."id" = ? LIMIT 1[0m  [["id", 1]]
  [1m[35mComment Load (0.2ms)[0m  SELECT "comments".* FROM "comments" WHERE "comments"."post_id" = ?  [["post_id", 1]]
  Rendered comments/index.html.erb (2.0ms)
Completed 200 OK in 38ms (Views: 7.0ms | ActiveRecord: 0.5ms)


Started GET "/posts/1" for ::1 at 2016-11-07 12:53:25 -0500
  [1m[36mActiveRecord::SchemaMigration Load (0.6ms)[0m  [1mSELECT "schema_migrations".* FROM "schema_migrations"[0m
Processing by PostsController#show as HTML
  Parameters: {"id"=>"1"}
  [1m[35mPost Load (1.0ms)[0m  SELECT  "posts".* FROM "posts" WHERE "posts"."id" = ? LIMIT 1  [["id", 1]]
  Rendered posts/show.html.erb within layouts/application (2.6ms)
Completed 200 OK in 411ms (Views: 376.1ms | ActiveRecord: 1.4ms)


Started GET "/assets/posts.self-aa8fdb5cc4bd8b89cf2f8707cd2ffe270bb7f6edbc4d995a85a052fd7a93cdb4.js?body=1" for ::1 at 2016-11-07 12:53:26 -0500


Started GET "/assets/application.self-3b8dabdc891efe46b9a144b400ad69e37d7e5876bdc39dee783419a69d7ca819.js?body=1" for ::1 at 2016-11-07 12:53:26 -0500


Started GET "/posts/1/comments" for ::1 at 2016-11-07 12:53:28 -0500
Processing by CommentsController#index as HTML
  Parameters: {"post_id"=>"1"}
  [1m[36mPost Load (0.1ms)[0m  [1mSELECT  "posts".* FROM "posts" WHERE "posts"."id" = ? LIMIT 1[0m  [["id", 1]]
  [1m[35mComment Load (0.6ms)[0m  SELECT "comments".* FROM "comments" WHERE "comments"."post_id" = ?  [["post_id", 1]]
  Rendered comments/index.html.erb (3.5ms)
Completed 200 OK in 28ms (Views: 7.3ms | ActiveRecord: 1.0ms)


Started GET "/posts/1/comments" for ::1 at 2016-11-07 12:55:44 -0500
Processing by CommentsController#index as HTML
  Parameters: {"post_id"=>"1"}
  [1m[36mPost Load (0.1ms)[0m  [1mSELECT  "posts".* FROM "posts" WHERE "posts"."id" = ? LIMIT 1[0m  [["id", 1]]
  [1m[35mComment Load (0.1ms)[0m  SELECT "comments".* FROM "comments" WHERE "comments"."post_id" = ?  [["post_id", 1]]
  Rendered comments/index.html.erb (0.7ms)
Completed 200 OK in 5ms (Views: 3.1ms | ActiveRecord: 0.2ms)


Started GET "/posts/1/comments" for ::1 at 2016-11-07 12:57:25 -0500
Processing by CommentsController#index as */*
  Parameters: {"post_id"=>"1"}
  [1m[36mPost Load (0.6ms)[0m  [1mSELECT  "posts".* FROM "posts" WHERE "posts"."id" = ? LIMIT 1[0m  [["id", 1]]
  [1m[35mComment Load (0.2ms)[0m  SELECT "comments".* FROM "comments" WHERE "comments"."post_id" = ?  [["post_id", 1]]
  Rendered comments/index.html.erb (1.7ms)
Completed 200 OK in 29ms (Views: 6.5ms | ActiveRecord: 0.8ms)


Started GET "/posts/1" for ::1 at 2016-11-07 12:59:42 -0500
Processing by PostsController#show as HTML
  Parameters: {"id"=>"1"}
  [1m[36mPost Load (0.6ms)[0m  [1mSELECT  "posts".* FROM "posts" WHERE "posts"."id" = ? LIMIT 1[0m  [["id", 1]]
  Rendered posts/show.html.erb within layouts/application (1.2ms)
Completed 200 OK in 120ms (Views: 100.0ms | ActiveRecord: 1.3ms)


Started GET "/assets/comments.self-e3b0c44298fc1c149afbf4c8996fb92427ae41e4649b934ca495991b7852b855.css?body=1" for ::1 at 2016-11-07 12:59:42 -0500


Started GET "/assets/jquery.self-bd7ddd393353a8d2480a622e80342adf488fb6006d667e8b42e4c0073393abee.js?body=1" for ::1 at 2016-11-07 12:59:42 -0500


Started GET "/assets/scaffolds.self-e30dcdd35c48f920388aed1f2ce54c062d448df958672156867d2cb53f0182b6.css?body=1" for ::1 at 2016-11-07 12:59:42 -0500


Started GET "/assets/application.self-e80e8f2318043e8af94dddc2adad5a4f09739a8ebb323b3ab31cd71d45fd9113.css?body=1" for ::1 at 2016-11-07 12:59:42 -0500


Started GET "/assets/posts.self-274731c2bd171a53010e314df7e2cee868e48955a606fe09db913ea9de9fec41.js?body=1" for ::1 at 2016-11-07 12:59:42 -0500


Started GET "/assets/posts.self-e3b0c44298fc1c149afbf4c8996fb92427ae41e4649b934ca495991b7852b855.css?body=1" for ::1 at 2016-11-07 12:59:42 -0500


Started GET "/assets/jquery_ujs.self-784a997f6726036b1993eb2217c9cb558e1cbb801c6da88105588c56f13b466a.js?body=1" for ::1 at 2016-11-07 12:59:42 -0500


Started GET "/assets/application.self-377610cd7c1509e934744c810e3b4cf672dfbcacac3274e7d039827e2ae0fcc7.js?body=1" for ::1 at 2016-11-07 12:59:42 -0500


Started GET "/posts/1/comments" for ::1 at 2016-11-07 12:59:43 -0500
Processing by CommentsController#index as HTML
  Parameters: {"post_id"=>"1"}
  [1m[35mPost Load (0.1ms)[0m  SELECT  "posts".* FROM "posts" WHERE "posts"."id" = ? LIMIT 1  [["id", 1]]
  [1m[36mComment Load (0.7ms)[0m  [1mSELECT "comments".* FROM "comments" WHERE "comments"."post_id" = ?[0m  [["post_id", 1]]
  Rendered comments/index.html.erb within layouts/application (2.9ms)
Completed 200 OK in 34ms (Views: 25.8ms | ActiveRecord: 1.0ms)


Started GET "/posts/1/comments" for ::1 at 2016-11-07 12:59:49 -0500
Processing by CommentsController#index as HTML
  Parameters: {"post_id"=>"1"}
  [1m[35mPost Load (0.2ms)[0m  SELECT  "posts".* FROM "posts" WHERE "posts"."id" = ? LIMIT 1  [["id", 1]]
  [1m[36mComment Load (0.1ms)[0m  [1mSELECT "comments".* FROM "comments" WHERE "comments"."post_id" = ?[0m  [["post_id", 1]]
  Rendered comments/index.html.erb within layouts/application (0.8ms)
Completed 200 OK in 22ms (Views: 20.4ms | ActiveRecord: 0.2ms)


Started GET "/posts/1/comments" for ::1 at 2016-11-07 13:03:11 -0500
Processing by CommentsController#index as HTML
  Parameters: {"post_id"=>"1"}
  [1m[35mPost Load (0.5ms)[0m  SELECT  "posts".* FROM "posts" WHERE "posts"."id" = ? LIMIT 1  [["id", 1]]
  [1m[36mComment Load (0.1ms)[0m  [1mSELECT "comments".* FROM "comments" WHERE "comments"."post_id" = ?[0m  [["post_id", 1]]
  Rendered comments/index.html.erb within layouts/application (1.4ms)
Completed 200 OK in 49ms (Views: 36.4ms | ActiveRecord: 0.6ms)


Started GET "/posts/1" for ::1 at 2016-11-07 13:03:46 -0500
Processing by PostsController#show as HTML
  Parameters: {"id"=>"1"}
  [1m[35mPost Load (0.5ms)[0m  SELECT  "posts".* FROM "posts" WHERE "posts"."id" = ? LIMIT 1  [["id", 1]]
  Rendered posts/show.html.erb within layouts/application (1.7ms)
Completed 200 OK in 46ms (Views: 33.7ms | ActiveRecord: 1.2ms)


Started GET "/posts/1/comments" for ::1 at 2016-11-07 13:04:02 -0500
Processing by CommentsController#index as HTML
  Parameters: {"post_id"=>"1"}
  [1m[36mPost Load (0.1ms)[0m  [1mSELECT  "posts".* FROM "posts" WHERE "posts"."id" = ? LIMIT 1[0m  [["id", 1]]
  [1m[35mComment Load (0.6ms)[0m  SELECT "comments".* FROM "comments" WHERE "comments"."post_id" = ?  [["post_id", 1]]
  Rendered comments/index.html.erb within layouts/application (3.0ms)
Completed 200 OK in 101ms (Views: 42.6ms | ActiveRecord: 0.9ms)


Started GET "/posts/1/comments" for ::1 at 2016-11-07 13:08:25 -0500
Processing by CommentsController#index as HTML
  Parameters: {"post_id"=>"1"}
  [1m[36mPost Load (0.9ms)[0m  [1mSELECT  "posts".* FROM "posts" WHERE "posts"."id" = ? LIMIT 1[0m  [["id", 1]]
  [1m[35mComment Load (0.2ms)[0m  SELECT "comments".* FROM "comments" WHERE "comments"."post_id" = ?  [["post_id", 1]]
  Rendered comments/index.html.erb within layouts/application (2.3ms)
Completed 200 OK in 125ms (Views: 95.1ms | ActiveRecord: 1.2ms)


Started GET "/posts/1" for ::1 at 2016-11-07 13:08:30 -0500
Processing by PostsController#show as HTML
  Parameters: {"id"=>"1"}
  [1m[36mPost Load (0.1ms)[0m  [1mSELECT  "posts".* FROM "posts" WHERE "posts"."id" = ? LIMIT 1[0m  [["id", 1]]
  Rendered posts/show.html.erb within layouts/application (9.8ms)
Completed 200 OK in 43ms (Views: 41.4ms | ActiveRecord: 0.1ms)


Started GET "/posts/1" for ::1 at 2016-11-07 13:10:13 -0500
  [1m[36mActiveRecord::SchemaMigration Load (0.5ms)[0m  [1mSELECT "schema_migrations".* FROM "schema_migrations"[0m
Processing by PostsController#show as HTML
  Parameters: {"id"=>"1"}
  [1m[35mPost Load (0.6ms)[0m  SELECT  "posts".* FROM "posts" WHERE "posts"."id" = ? LIMIT 1  [["id", 1]]
  Rendered posts/show.html.erb within layouts/application (2.6ms)
Completed 200 OK in 488ms (Views: 448.3ms | ActiveRecord: 1.0ms)


Started GET "/assets/posts.self-15674c1e57a1feb3eb8213f79fd04161fcffa3c2d51e5011b008262562e5c70a.js?body=1" for ::1 at 2016-11-07 13:10:14 -0500


Started GET "/posts/1" for ::1 at 2016-11-07 13:21:23 -0500
  [1m[36mActiveRecord::SchemaMigration Load (0.5ms)[0m  [1mSELECT "schema_migrations".* FROM "schema_migrations"[0m
Processing by PostsController#show as HTML
  Parameters: {"id"=>"1"}
  [1m[35mPost Load (0.6ms)[0m  SELECT  "posts".* FROM "posts" WHERE "posts"."id" = ? LIMIT 1  [["id", 1]]
  Rendered posts/show.html.erb within layouts/application (2.5ms)
Completed 200 OK in 451ms (Views: 417.9ms | ActiveRecord: 1.0ms)


Started GET "/assets/posts.self-b82c33f74517f028532096625559ba1e94afd390c47cbcda8e6e4c17b822fb7a.js?body=1" for ::1 at 2016-11-07 13:21:24 -0500


Started GET "/posts/1" for ::1 at 2016-11-07 13:41:29 -0500
  [1m[36mActiveRecord::SchemaMigration Load (0.5ms)[0m  [1mSELECT "schema_migrations".* FROM "schema_migrations"[0m
Processing by PostsController#show as HTML
  Parameters: {"id"=>"1"}
  [1m[35mPost Load (0.6ms)[0m  SELECT  "posts".* FROM "posts" WHERE "posts"."id" = ? LIMIT 1  [["id", 1]]
  Rendered posts/show.html.erb within layouts/application (2.6ms)
Completed 200 OK in 466ms (Views: 431.0ms | ActiveRecord: 1.1ms)


Started GET "/assets/posts.self-5cea8cdb4a7b442e081d3e51d818ef8f40a141d07e425506896bdead98c0b394.js?body=1" for ::1 at 2016-11-07 13:41:30 -0500


Started GET "/posts/1/comments" for ::1 at 2016-11-07 13:41:32 -0500
Processing by CommentsController#index as */*
  Parameters: {"post_id"=>"1"}
  [1m[36mPost Load (0.1ms)[0m  [1mSELECT  "posts".* FROM "posts" WHERE "posts"."id" = ? LIMIT 1[0m  [["id", 1]]
  [1m[35mComment Load (0.6ms)[0m  SELECT "comments".* FROM "comments" WHERE "comments"."post_id" = ?  [["post_id", 1]]
  Rendered comments/index.html.erb (2.4ms)
Completed 200 OK in 47ms (Views: 24.7ms | ActiveRecord: 0.9ms)


Started GET "/posts/1" for ::1 at 2016-11-07 13:42:16 -0500
Processing by PostsController#show as HTML
  Parameters: {"id"=>"1"}
  [1m[36mPost Load (0.1ms)[0m  [1mSELECT  "posts".* FROM "posts" WHERE "posts"."id" = ? LIMIT 1[0m  [["id", 1]]
  Rendered posts/show.html.erb within layouts/application (0.7ms)
Completed 200 OK in 79ms (Views: 77.3ms | ActiveRecord: 0.1ms)


Started GET "/assets/posts.self-4cf4099c662b5bcff050dafda4bc9aedd39e282b077ce5f521c377a11daa8a80.js?body=1" for ::1 at 2016-11-07 13:42:16 -0500


Started GET "/posts/1/comments" for ::1 at 2016-11-07 13:42:18 -0500
Processing by CommentsController#index as */*
  Parameters: {"post_id"=>"1"}
  [1m[35mPost Load (0.2ms)[0m  SELECT  "posts".* FROM "posts" WHERE "posts"."id" = ? LIMIT 1  [["id", 1]]
  [1m[36mComment Load (0.1ms)[0m  [1mSELECT "comments".* FROM "comments" WHERE "comments"."post_id" = ?[0m  [["post_id", 1]]
  Rendered comments/index.html.erb (0.7ms)
Completed 200 OK in 29ms (Views: 26.3ms | ActiveRecord: 0.3ms)


Started GET "/posts/1" for ::1 at 2016-11-07 13:42:47 -0500
Processing by PostsController#show as HTML
  Parameters: {"id"=>"1"}
  [1m[35mPost Load (0.2ms)[0m  SELECT  "posts".* FROM "posts" WHERE "posts"."id" = ? LIMIT 1  [["id", 1]]
  Rendered posts/show.html.erb within layouts/application (0.9ms)
Completed 200 OK in 95ms (Views: 92.7ms | ActiveRecord: 0.2ms)


Started GET "/assets/posts.self-cb390dc60d12445f1c53ddc450d18484d87ab5c50930172ceb81b6cc638973ed.js?body=1" for ::1 at 2016-11-07 13:42:47 -0500


Started GET "/posts/1/comments" for ::1 at 2016-11-07 13:42:49 -0500
Processing by CommentsController#index as */*
  Parameters: {"post_id"=>"1"}
  [1m[36mPost Load (0.2ms)[0m  [1mSELECT  "posts".* FROM "posts" WHERE "posts"."id" = ? LIMIT 1[0m  [["id", 1]]
  [1m[35mComment Load (0.1ms)[0m  SELECT "comments".* FROM "comments" WHERE "comments"."post_id" = ?  [["post_id", 1]]
  Rendered comments/index.html.erb (0.7ms)
Completed 200 OK in 22ms (Views: 20.2ms | ActiveRecord: 0.3ms)


Started GET "/posts/1/comments" for ::1 at 2016-11-07 13:43:37 -0500
Processing by CommentsController#index as */*
  Parameters: {"post_id"=>"1"}
  [1m[36mPost Load (0.2ms)[0m  [1mSELECT  "posts".* FROM "posts" WHERE "posts"."id" = ? LIMIT 1[0m  [["id", 1]]
  [1m[35mComment Load (0.1ms)[0m  SELECT "comments".* FROM "comments" WHERE "comments"."post_id" = ?  [["post_id", 1]]
  Rendered comments/index.html.erb (0.7ms)
Completed 200 OK in 27ms (Views: 24.7ms | ActiveRecord: 0.3ms)


Started GET "/posts/1/comments" for ::1 at 2016-11-07 13:43:45 -0500
Processing by CommentsController#index as */*
  Parameters: {"post_id"=>"1"}
  [1m[36mPost Load (0.1ms)[0m  [1mSELECT  "posts".* FROM "posts" WHERE "posts"."id" = ? LIMIT 1[0m  [["id", 1]]
  [1m[35mComment Load (0.2ms)[0m  SELECT "comments".* FROM "comments" WHERE "comments"."post_id" = ?  [["post_id", 1]]
  Rendered comments/index.html.erb (0.8ms)
Completed 200 OK in 22ms (Views: 20.1ms | ActiveRecord: 0.3ms)


Started GET "/posts" for ::1 at 2016-11-07 13:43:57 -0500
Processing by PostsController#index as HTML
  [1m[36mPost Load (0.3ms)[0m  [1mSELECT "posts".* FROM "posts"[0m
  Rendered posts/index.html.erb within layouts/application (8.2ms)
Completed 200 OK in 39ms (Views: 37.6ms | ActiveRecord: 0.3ms)


Started GET "/posts/1" for ::1 at 2016-11-07 13:44:00 -0500
Processing by PostsController#show as HTML
  Parameters: {"id"=>"1"}
  [1m[35mPost Load (0.1ms)[0m  SELECT  "posts".* FROM "posts" WHERE "posts"."id" = ? LIMIT 1  [["id", 1]]
  Rendered posts/show.html.erb within layouts/application (0.6ms)
Completed 200 OK in 21ms (Views: 19.5ms | ActiveRecord: 0.1ms)


Started GET "/posts/1/comments" for ::1 at 2016-11-07 13:44:01 -0500
Processing by CommentsController#index as */*
  Parameters: {"post_id"=>"1"}
  [1m[36mPost Load (0.2ms)[0m  [1mSELECT  "posts".* FROM "posts" WHERE "posts"."id" = ? LIMIT 1[0m  [["id", 1]]
  [1m[35mComment Load (0.2ms)[0m  SELECT "comments".* FROM "comments" WHERE "comments"."post_id" = ?  [["post_id", 1]]
  Rendered comments/index.html.erb (1.0ms)
Completed 200 OK in 35ms (Views: 32.0ms | ActiveRecord: 0.3ms)


Started GET "/posts/1/comments" for ::1 at 2016-11-07 13:44:02 -0500
Processing by CommentsController#index as */*
  Parameters: {"post_id"=>"1"}
  [1m[36mPost Load (0.1ms)[0m  [1mSELECT  "posts".* FROM "posts" WHERE "posts"."id" = ? LIMIT 1[0m  [["id", 1]]
  [1m[35mComment Load (0.1ms)[0m  SELECT "comments".* FROM "comments" WHERE "comments"."post_id" = ?  [["post_id", 1]]
  Rendered comments/index.html.erb (0.6ms)
Completed 200 OK in 19ms (Views: 17.5ms | ActiveRecord: 0.2ms)


Started GET "/posts/1" for ::1 at 2016-11-07 13:44:20 -0500
Processing by PostsController#show as HTML
  Parameters: {"id"=>"1"}
  [1m[36mPost Load (0.2ms)[0m  [1mSELECT  "posts".* FROM "posts" WHERE "posts"."id" = ? LIMIT 1[0m  [["id", 1]]
  Rendered posts/show.html.erb within layouts/application (0.8ms)
Completed 200 OK in 99ms (Views: 97.2ms | ActiveRecord: 0.2ms)


Started GET "/assets/posts.self-2815ad43b14c6f9e57138885b462677028f257970c0130290a80b252b684d23c.js?body=1" for ::1 at 2016-11-07 13:44:20 -0500


Started GET "/posts/1/comments" for ::1 at 2016-11-07 13:44:22 -0500
Processing by CommentsController#index as */*
  Parameters: {"post_id"=>"1"}
  [1m[35mPost Load (0.1ms)[0m  SELECT  "posts".* FROM "posts" WHERE "posts"."id" = ? LIMIT 1  [["id", 1]]
  [1m[36mComment Load (0.1ms)[0m  [1mSELECT "comments".* FROM "comments" WHERE "comments"."post_id" = ?[0m  [["post_id", 1]]
  Rendered comments/index.html.erb (0.7ms)
Completed 200 OK in 22ms (Views: 20.7ms | ActiveRecord: 0.2ms)


Started GET "/posts/1/comments" for ::1 at 2016-11-07 13:44:23 -0500
Processing by CommentsController#index as */*
  Parameters: {"post_id"=>"1"}
  [1m[35mPost Load (0.1ms)[0m  SELECT  "posts".* FROM "posts" WHERE "posts"."id" = ? LIMIT 1  [["id", 1]]
  [1m[36mComment Load (0.1ms)[0m  [1mSELECT "comments".* FROM "comments" WHERE "comments"."post_id" = ?[0m  [["post_id", 1]]
  Rendered comments/index.html.erb (0.7ms)
Completed 200 OK in 17ms (Views: 15.8ms | ActiveRecord: 0.2ms)


Started GET "/posts/1" for ::1 at 2016-11-07 13:45:15 -0500
Processing by PostsController#show as HTML
  Parameters: {"id"=>"1"}
  [1m[35mPost Load (0.1ms)[0m  SELECT  "posts".* FROM "posts" WHERE "posts"."id" = ? LIMIT 1  [["id", 1]]
  Rendered posts/show.html.erb within layouts/application (0.7ms)
Completed 200 OK in 107ms (Views: 105.4ms | ActiveRecord: 0.1ms)


Started GET "/assets/posts.self-f46308557d1e0439f6fb665c94f7bbf2aa6711dfcfd08afa23baf125c6fbf702.js?body=1" for ::1 at 2016-11-07 13:45:15 -0500


Started GET "/posts/1/comments" for ::1 at 2016-11-07 13:45:17 -0500
Processing by CommentsController#index as */*
  Parameters: {"post_id"=>"1"}
  [1m[36mPost Load (0.2ms)[0m  [1mSELECT  "posts".* FROM "posts" WHERE "posts"."id" = ? LIMIT 1[0m  [["id", 1]]
  [1m[35mComment Load (0.1ms)[0m  SELECT "comments".* FROM "comments" WHERE "comments"."post_id" = ?  [["post_id", 1]]
  Rendered comments/index.html.erb (0.8ms)
Completed 200 OK in 20ms (Views: 17.7ms | ActiveRecord: 0.3ms)
  [1m[36mPost Load (0.6ms)[0m  [1mSELECT  "posts".* FROM "posts"  ORDER BY "posts"."id" ASC LIMIT 1[0m
  [1m[35mComment Load (0.5ms)[0m  SELECT "comments".* FROM "comments"
  [1m[36m (0.1ms)[0m  [1mbegin transaction[0m
  [1m[35mSQL (1.7ms)[0m  INSERT INTO "comments" ("content", "post_id", "created_at", "updated_at") VALUES (?, ?, ?, ?)  [["content", "first comment"], ["post_id", 1], ["created_at", "2016-11-07 18:47:09.309637"], ["updated_at", "2016-11-07 18:47:09.309637"]]
  [1m[36m (0.9ms)[0m  [1mcommit transaction[0m
  [1m[35m (1.6ms)[0m  begin transaction
  [1m[36mSQL (1.1ms)[0m  [1mINSERT INTO "comments" ("content", "post_id", "created_at", "updated_at") VALUES (?, ?, ?, ?)[0m  [["content", "second comment"], ["post_id", 1], ["created_at", "2016-11-07 18:47:19.605956"], ["updated_at", "2016-11-07 18:47:19.605956"]]
  [1m[35m (1.2ms)[0m  commit transaction


Started GET "/posts/1" for ::1 at 2016-11-07 13:48:13 -0500
  [1m[36mActiveRecord::SchemaMigration Load (0.5ms)[0m  [1mSELECT "schema_migrations".* FROM "schema_migrations"[0m
Processing by PostsController#show as HTML
  Parameters: {"id"=>"1"}
  [1m[35mPost Load (0.7ms)[0m  SELECT  "posts".* FROM "posts" WHERE "posts"."id" = ? LIMIT 1  [["id", 1]]
  Rendered posts/show.html.erb within layouts/application (2.5ms)
Completed 200 OK in 409ms (Views: 374.2ms | ActiveRecord: 1.1ms)


Started GET "/posts/1/comments" for ::1 at 2016-11-07 13:48:17 -0500
Processing by CommentsController#index as */*
  Parameters: {"post_id"=>"1"}
  [1m[36mPost Load (0.1ms)[0m  [1mSELECT  "posts".* FROM "posts" WHERE "posts"."id" = ? LIMIT 1[0m  [["id", 1]]
  [1m[35mComment Load (0.6ms)[0m  SELECT "comments".* FROM "comments" WHERE "comments"."post_id" = ?  [["post_id", 1]]
  Rendered comments/index.html.erb (10.7ms)
Completed 200 OK in 56ms (Views: 33.6ms | ActiveRecord: 0.9ms)


Started GET "/posts/1" for ::1 at 2016-11-07 13:48:49 -0500
  [1m[36mActiveRecord::SchemaMigration Load (0.5ms)[0m  [1mSELECT "schema_migrations".* FROM "schema_migrations"[0m
Processing by PostsController#show as HTML
  Parameters: {"id"=>"1"}
  [1m[35mPost Load (0.6ms)[0m  SELECT  "posts".* FROM "posts" WHERE "posts"."id" = ? LIMIT 1  [["id", 1]]
  Rendered posts/show.html.erb within layouts/application (2.4ms)
Completed 200 OK in 413ms (Views: 381.0ms | ActiveRecord: 1.0ms)


Started GET "/posts/1/comments" for ::1 at 2016-11-07 13:48:52 -0500
Processing by CommentsController#index as */*
  Parameters: {"post_id"=>"1"}
  [1m[36mPost Load (0.2ms)[0m  [1mSELECT  "posts".* FROM "posts" WHERE "posts"."id" = ? LIMIT 1[0m  [["id", 1]]
  [1m[35mComment Load (0.6ms)[0m  SELECT "comments".* FROM "comments" WHERE "comments"."post_id" = ?  [["post_id", 1]]
  Rendered comments/index.html.erb (10.3ms)
Completed 200 OK in 59ms (Views: 38.2ms | ActiveRecord: 1.2ms)


Started GET "/posts/1" for ::1 at 2016-11-07 13:52:19 -0500
  [1m[36mActiveRecord::SchemaMigration Load (0.7ms)[0m  [1mSELECT "schema_migrations".* FROM "schema_migrations"[0m
Processing by PostsController#show as HTML
  Parameters: {"id"=>"1"}
  [1m[35mPost Load (0.6ms)[0m  SELECT  "posts".* FROM "posts" WHERE "posts"."id" = ? LIMIT 1  [["id", 1]]
  Rendered posts/show.html.erb within layouts/application (2.5ms)
Completed 200 OK in 520ms (Views: 487.2ms | ActiveRecord: 0.9ms)


Started GET "/assets/posts.self-76a1796d11c48dc11153ea698a4868f7c7e965db4e9413e5a954f86c9bcf5d64.js?body=1" for ::1 at 2016-11-07 13:52:19 -0500


Started GET "/posts/1/comments" for ::1 at 2016-11-07 13:52:21 -0500
Processing by CommentsController#index as */*
  Parameters: {"post_id"=>"1"}
  [1m[36mPost Load (0.2ms)[0m  [1mSELECT  "posts".* FROM "posts" WHERE "posts"."id" = ? LIMIT 1[0m  [["id", 1]]
Completed 500 Internal Server Error in 42ms (ActiveRecord: 0.5ms)

RuntimeError ("Whoops"):
  app/controllers/comments_controller.rb:6:in `index'


  Rendered /Users/kerrydougherty/.rvm/gems/ruby-2.3.1/gems/actionpack-4.2.5.1/lib/action_dispatch/middleware/templates/rescues/_source.erb (2.9ms)
  Rendered /Users/kerrydougherty/.rvm/gems/ruby-2.3.1/gems/actionpack-4.2.5.1/lib/action_dispatch/middleware/templates/rescues/_trace.text.erb (1.1ms)
  Rendered /Users/kerrydougherty/.rvm/gems/ruby-2.3.1/gems/actionpack-4.2.5.1/lib/action_dispatch/middleware/templates/rescues/_request_and_response.text.erb (1.2ms)
  Rendered /Users/kerrydougherty/.rvm/gems/ruby-2.3.1/gems/actionpack-4.2.5.1/lib/action_dispatch/middleware/templates/rescues/diagnostics.text.erb (90.7ms)


Started GET "/posts/1" for ::1 at 2016-11-07 13:54:35 -0500
  [1m[36mActiveRecord::SchemaMigration Load (0.7ms)[0m  [1mSELECT "schema_migrations".* FROM "schema_migrations"[0m
Processing by PostsController#show as HTML
  Parameters: {"id"=>"1"}
  [1m[35mPost Load (0.6ms)[0m  SELECT  "posts".* FROM "posts" WHERE "posts"."id" = ? LIMIT 1  [["id", 1]]
  Rendered posts/show.html.erb within layouts/application (2.6ms)
Completed 200 OK in 440ms (Views: 402.4ms | ActiveRecord: 0.9ms)


Started GET "/assets/posts.self-6254c14ffa4297e08487cf2887b756fb6819e6977c6a1b62b013c101296a469e.js?body=1" for ::1 at 2016-11-07 13:54:36 -0500


Started GET "/posts/1/comments" for ::1 at 2016-11-07 13:54:38 -0500
Processing by CommentsController#index as */*
  Parameters: {"post_id"=>"1"}
  [1m[36mPost Load (0.1ms)[0m  [1mSELECT  "posts".* FROM "posts" WHERE "posts"."id" = ? LIMIT 1[0m  [["id", 1]]
  [1m[35mComment Load (0.6ms)[0m  SELECT "comments".* FROM "comments" WHERE "comments"."post_id" = ?  [["post_id", 1]]
  Rendered comments/index.html.erb (9.5ms)
Completed 200 OK in 61ms (Views: 36.7ms | ActiveRecord: 1.0ms)
